Started GET "/" for ::1 at 2017-01-07 12:56:25 -0600
Processing by PagesController#index as HTML
  Rendering pages/index.html.erb within layouts/application
  Rendered pages/index.html.erb within layouts/application (9.3ms)
Completed 200 OK in 5657ms (Views: 4922.0ms | ActiveRecord: 0.0ms)


Started GET "/funny/hot?page=aBw5ygA" for ::1 at 2017-01-07 12:56:52 -0600
Processing by PagesController#index as JSON
  Parameters: {"page"=>"aBw5ygA", "type"=>"hot", "section"=>"funny"}
Completed 200 OK in 193ms (Views: 0.8ms | ActiveRecord: 0.0ms)


Started GET "/" for ::1 at 2017-01-07 15:28:49 -0600
Processing by PagesController#index as HTML
Started GET "/" for ::1 at 2017-01-07 15:28:49 -0600
Processing by PagesController#index as HTML
  Rendering pages/index.html.erb within layouts/application
  Rendered pages/index.html.erb within layouts/application (5.6ms)
  Rendering pages/index.html.erb within layouts/application
  Rendered pages/index.html.erb within layouts/application (1.1ms)
Completed 200 OK in 802ms (Views: 416.9ms | ActiveRecord: 0.0ms)


Completed 200 OK in 507ms (Views: 126.8ms | ActiveRecord: 0.0ms)


Started GET "/funny/hot?page=adqw1MM" for ::1 at 2017-01-07 15:29:13 -0600
Processing by PagesController#index as JSON
  Parameters: {"page"=>"adqw1MM", "type"=>"hot", "section"=>"funny"}
Completed 200 OK in 326ms (Views: 1.0ms | ActiveRecord: 0.0ms)


Started GET "/funny/hot?page=ao2w3pX" for ::1 at 2017-01-07 15:29:59 -0600
Processing by PagesController#index as JSON
  Parameters: {"page"=>"ao2w3pX", "type"=>"hot", "section"=>"funny"}
Completed 200 OK in 198ms (Views: 1.1ms | ActiveRecord: 0.0ms)


Started GET "/funny/hot?page=ayLwNOY" for ::1 at 2017-01-07 15:30:23 -0600
Processing by PagesController#index as JSON
  Parameters: {"page"=>"ayLwNOY", "type"=>"hot", "section"=>"funny"}
Completed 200 OK in 339ms (Views: 0.9ms | ActiveRecord: 0.0ms)


Started GET "/funny/hot?page=amrwoK9" for ::1 at 2017-01-07 15:30:50 -0600
Processing by PagesController#index as JSON
  Parameters: {"page"=>"amrwoK9", "type"=>"hot", "section"=>"funny"}
Completed 200 OK in 214ms (Views: 1.2ms | ActiveRecord: 0.0ms)


Started GET "/funny/hot?page=aeYw9Dv" for ::1 at 2017-01-07 15:31:16 -0600
Processing by PagesController#index as JSON
  Parameters: {"page"=>"aeYw9Dv", "type"=>"hot", "section"=>"funny"}
Completed 200 OK in 227ms (Views: 1.0ms | ActiveRecord: 0.0ms)


Started GET "/funny/hot?page=a9W0RoZ" for ::1 at 2017-01-07 15:31:44 -0600
Processing by PagesController#index as JSON
  Parameters: {"page"=>"a9W0RoZ", "type"=>"hot", "section"=>"funny"}
Completed 200 OK in 298ms (Views: 1.2ms | ActiveRecord: 0.0ms)


Started GET "/funny/hot?page=aMw5EVP" for ::1 at 2017-01-07 15:32:02 -0600
Processing by PagesController#index as JSON
  Parameters: {"page"=>"aMw5EVP", "type"=>"hot", "section"=>"funny"}
Completed 200 OK in 239ms (Views: 0.7ms | ActiveRecord: 0.0ms)


Started GET "/funny/hot?page=aER58go" for ::1 at 2017-01-07 15:32:25 -0600
Processing by PagesController#index as JSON
  Parameters: {"page"=>"aER58go", "type"=>"hot", "section"=>"funny"}
Completed 200 OK in 230ms (Views: 0.9ms | ActiveRecord: 0.0ms)


Started GET "/funny/hot?page=ajqwgK8" for ::1 at 2017-01-07 15:32:50 -0600
Processing by PagesController#index as JSON
  Parameters: {"page"=>"ajqwgK8", "type"=>"hot", "section"=>"funny"}
Completed 200 OK in 217ms (Views: 1.9ms | ActiveRecord: 0.0ms)


Started GET "/" for ::1 at 2017-01-08 16:20:00 -0800
Processing by PagesController#index as HTML
  Rendering pages/index.html.erb within layouts/application
  Rendered pages/index.html.erb within layouts/application (11.8ms)
Completed 200 OK in 551ms (Views: 436.5ms | ActiveRecord: 0.0ms)


Started GET "/funny/hot?page=axgw5ZY" for ::1 at 2017-01-08 16:20:23 -0800
Processing by PagesController#index as JSON
  Parameters: {"page"=>"axgw5ZY", "type"=>"hot", "section"=>"funny"}
Completed 200 OK in 110ms (Views: 0.9ms | ActiveRecord: 0.0ms)


Started GET "/funny/hot?page=aVD5pDn" for ::1 at 2017-01-08 16:20:55 -0800
Processing by PagesController#index as JSON
  Parameters: {"page"=>"aVD5pDn", "type"=>"hot", "section"=>"funny"}
Completed 200 OK in 99ms (Views: 0.9ms | ActiveRecord: 0.0ms)


Started GET "/funny/hot?page=aOd5L3r" for ::1 at 2017-01-08 16:21:32 -0800
Processing by PagesController#index as JSON
  Parameters: {"page"=>"aOd5L3r", "type"=>"hot", "section"=>"funny"}
Completed 200 OK in 75ms (Views: 1.4ms | ActiveRecord: 0.0ms)


Started GET "/funny/hot?page=aDj5vqO" for ::1 at 2017-01-08 16:22:00 -0800
Processing by PagesController#index as JSON
  Parameters: {"page"=>"aDj5vqO", "type"=>"hot", "section"=>"funny"}
Completed 200 OK in 65ms (Views: 1.7ms | ActiveRecord: 0.0ms)


Started GET "/funny/hot?page=aprwMRp" for ::1 at 2017-01-08 16:22:31 -0800
Processing by PagesController#index as JSON
  Parameters: {"page"=>"aprwMRp", "type"=>"hot", "section"=>"funny"}
Completed 200 OK in 101ms (Views: 0.9ms | ActiveRecord: 0.0ms)


Started GET "/funny/hot?page=aZB55AQ" for ::1 at 2017-01-08 16:23:08 -0800
Processing by PagesController#index as JSON
  Parameters: {"page"=>"aZB55AQ", "type"=>"hot", "section"=>"funny"}
Completed 200 OK in 86ms (Views: 1.2ms | ActiveRecord: 0.0ms)


Started GET "/" for ::1 at 2017-01-09 10:59:24 -0800
Processing by PagesController#index as HTML
Started GET "/" for ::1 at 2017-01-09 10:59:24 -0800
Processing by PagesController#index as HTML
  Rendering pages/index.html.erb within layouts/application
  Rendered pages/index.html.erb within layouts/application (6.4ms)
  Rendering pages/index.html.erb within layouts/application
  Rendered pages/index.html.erb within layouts/application (0.8ms)
Completed 200 OK in 518ms (Views: 248.4ms | ActiveRecord: 0.0ms)


Completed 200 OK in 616ms (Views: 495.0ms | ActiveRecord: 0.0ms)


Started GET "/funny/hot?page=avrjONE" for ::1 at 2017-01-09 10:59:44 -0800
Processing by PagesController#index as JSON
  Parameters: {"page"=>"avrjONE", "type"=>"hot", "section"=>"funny"}
Completed 200 OK in 104ms (Views: 1.0ms | ActiveRecord: 0.0ms)


Started GET "/funny/hot?page=ab68M2b" for ::1 at 2017-01-09 11:00:11 -0800
Processing by PagesController#index as JSON
  Parameters: {"page"=>"ab68M2b", "type"=>"hot", "section"=>"funny"}
Completed 200 OK in 145ms (Views: 1.6ms | ActiveRecord: 0.0ms)


Started GET "/funny/hot?page=aG0Qj0n" for ::1 at 2017-01-09 11:00:39 -0800
Processing by PagesController#index as JSON
  Parameters: {"page"=>"aG0Qj0n", "type"=>"hot", "section"=>"funny"}
Completed 200 OK in 106ms (Views: 7.6ms | ActiveRecord: 0.0ms)


Started GET "/funny/hot?page=aQMjM8r" for ::1 at 2017-01-09 11:01:10 -0800
Processing by PagesController#index as JSON
  Parameters: {"page"=>"aQMjM8r", "type"=>"hot", "section"=>"funny"}
Completed 200 OK in 98ms (Views: 0.8ms | ActiveRecord: 0.0ms)


Started GET "/funny/hot?page=aER4Bzn" for ::1 at 2017-01-09 11:01:31 -0800
Processing by PagesController#index as JSON
  Parameters: {"page"=>"aER4Bzn", "type"=>"hot", "section"=>"funny"}
Completed 200 OK in 94ms (Views: 1.0ms | ActiveRecord: 0.0ms)


Started GET "/funny/hot?page=ao272we" for ::1 at 2017-01-09 11:02:00 -0800
Processing by PagesController#index as JSON
  Parameters: {"page"=>"ao272we", "type"=>"hot", "section"=>"funny"}
Completed 200 OK in 90ms (Views: 0.9ms | ActiveRecord: 0.0ms)


Started GET "/funny/hot?page=a5ZYb1g" for ::1 at 2017-01-09 11:02:50 -0800
Processing by PagesController#index as JSON
  Parameters: {"page"=>"a5ZYb1g", "type"=>"hot", "section"=>"funny"}
Completed 200 OK in 145ms (Views: 1.0ms | ActiveRecord: 0.0ms)


Started GET "/" for ::1 at 2017-01-09 12:59:22 -0800
Processing by PagesController#index as HTML
  Rendering pages/index.html.erb within layouts/application
  Rendered pages/index.html.erb within layouts/application (6.4ms)
Completed 200 OK in 483ms (Views: 382.7ms | ActiveRecord: 0.0ms)


Started GET "/" for ::1 at 2017-01-09 13:00:06 -0800
Processing by PagesController#index as HTML
  Rendering pages/index.html.erb within layouts/application
  Rendered pages/index.html.erb within layouts/application (3.7ms)
Completed 200 OK in 167ms (Views: 45.2ms | ActiveRecord: 0.0ms)


Started GET "/funny/hot?page=amrZ5rX" for ::1 at 2017-01-09 13:00:26 -0800
Processing by PagesController#index as JSON
  Parameters: {"page"=>"amrZ5rX", "type"=>"hot", "section"=>"funny"}
Completed 200 OK in 86ms (Views: 1.8ms | ActiveRecord: 0.0ms)


Started GET "/" for ::1 at 2017-01-09 13:02:48 -0800
Processing by PagesController#index as HTML
  Rendering pages/index.html.erb within layouts/application
  Rendered pages/index.html.erb within layouts/application (1.1ms)
Completed 200 OK in 122ms (Views: 35.4ms | ActiveRecord: 0.0ms)


Started GET "/funny/hot?page=amrZ5Ao" for ::1 at 2017-01-09 13:03:06 -0800
Processing by PagesController#index as JSON
  Parameters: {"page"=>"amrZ5Ao", "type"=>"hot", "section"=>"funny"}
Completed 200 OK in 95ms (Views: 1.4ms | ActiveRecord: 0.0ms)


Started GET "/" for ::1 at 2017-01-09 13:03:42 -0800
Processing by PagesController#index as HTML
  Rendering pages/index.html.erb within layouts/application
  Rendered pages/index.html.erb within layouts/application (1.5ms)
Completed 200 OK in 122ms (Views: 43.8ms | ActiveRecord: 0.0ms)


Started GET "/" for ::1 at 2017-01-09 13:03:42 -0800
Processing by PagesController#index as HTML
  Rendering pages/index.html.erb within layouts/application
  Rendered pages/index.html.erb within layouts/application (1.1ms)
Completed 200 OK in 133ms (Views: 42.1ms | ActiveRecord: 0.0ms)


Started GET "/funny/hot?page=amrZ5Ao" for ::1 at 2017-01-09 13:04:01 -0800
Processing by PagesController#index as JSON
  Parameters: {"page"=>"amrZ5Ao", "type"=>"hot", "section"=>"funny"}
Completed 200 OK in 88ms (Views: 1.3ms | ActiveRecord: 0.0ms)


Started GET "/" for ::1 at 2017-01-09 13:07:28 -0800
Processing by PagesController#index as HTML
  Rendering pages/index.html.erb within layouts/application
  Rendered pages/index.html.erb within layouts/application (1.1ms)
Completed 200 OK in 126ms (Views: 39.2ms | ActiveRecord: 0.0ms)


Started GET "/funny/hot?page=amrZ5Ao" for ::1 at 2017-01-09 13:07:47 -0800
Processing by PagesController#index as JSON
  Parameters: {"page"=>"amrZ5Ao", "type"=>"hot", "section"=>"funny"}
Completed 200 OK in 88ms (Views: 0.9ms | ActiveRecord: 0.0ms)


Started GET "/funny/hot?page=ajq48Kg" for ::1 at 2017-01-09 13:08:14 -0800
Processing by PagesController#index as JSON
  Parameters: {"page"=>"ajq48Kg", "type"=>"hot", "section"=>"funny"}
Completed 200 OK in 77ms (Views: 0.7ms | ActiveRecord: 0.0ms)


Started GET "/" for ::1 at 2017-01-09 15:34:51 -0800
Processing by PagesController#index as HTML
  Rendering pages/index.html.erb within layouts/application
  Rendered pages/index.html.erb within layouts/application (7.5ms)
Started GET "/" for ::1 at 2017-01-09 15:34:52 -0800
Processing by PagesController#index as HTML
Completed 200 OK in 554ms (Views: 364.6ms | ActiveRecord: 0.0ms)


  Rendering pages/index.html.erb within layouts/application
  Rendered pages/index.html.erb within layouts/application (4.6ms)
Completed 200 OK in 383ms (Views: 55.7ms | ActiveRecord: 0.0ms)


Started GET "/funny/hot?page=ab68VvX" for ::1 at 2017-01-09 15:35:14 -0800
Processing by PagesController#index as JSON
  Parameters: {"page"=>"ab68VvX", "type"=>"hot", "section"=>"funny"}
Completed 200 OK in 111ms (Views: 1.5ms | ActiveRecord: 0.0ms)


Started GET "/" for ::1 at 2017-01-09 15:35:32 -0800
Processing by PagesController#index as HTML
  Rendering pages/index.html.erb within layouts/application
  Rendered pages/index.html.erb within layouts/application (0.9ms)
Completed 200 OK in 130ms (Views: 35.8ms | ActiveRecord: 0.0ms)


Started GET "/" for ::1 at 2017-01-09 15:35:50 -0800
Processing by PagesController#index as HTML
  Rendering pages/index.html.erb within layouts/application
  Rendered pages/index.html.erb within layouts/application (0.9ms)
Completed 200 OK in 180ms (Views: 32.4ms | ActiveRecord: 0.0ms)


Started GET "/" for ::1 at 2017-01-09 15:36:10 -0800
Processing by PagesController#index as HTML
  Rendering pages/index.html.erb within layouts/application
  Rendered pages/index.html.erb within layouts/application (1.5ms)
Completed 200 OK in 129ms (Views: 40.9ms | ActiveRecord: 0.0ms)


Started GET "/" for ::1 at 2017-01-09 15:36:10 -0800
Processing by PagesController#index as HTML
  Rendering pages/index.html.erb within layouts/application
  Rendered pages/index.html.erb within layouts/application (0.9ms)
Completed 200 OK in 143ms (Views: 39.3ms | ActiveRecord: 0.0ms)


Started GET "/" for ::1 at 2017-01-09 15:36:25 -0800
Processing by PagesController#index as HTML
  Rendering pages/index.html.erb within layouts/application
  Rendered pages/index.html.erb within layouts/application (1.0ms)
Completed 200 OK in 139ms (Views: 37.4ms | ActiveRecord: 0.0ms)


Started GET "/funny/hot?page=a6MREvb" for ::1 at 2017-01-09 15:36:45 -0800
Processing by PagesController#index as JSON
  Parameters: {"page"=>"a6MREvb", "type"=>"hot", "section"=>"funny"}
Completed 200 OK in 76ms (Views: 1.1ms | ActiveRecord: 0.0ms)


Started GET "/" for ::1 at 2017-01-09 15:40:04 -0800
Processing by PagesController#index as HTML
  Rendering pages/index.html.erb within layouts/application
  Rendered pages/index.html.erb within layouts/application (0.8ms)
Completed 200 OK in 344ms (Views: 32.9ms | ActiveRecord: 0.0ms)


Started GET "/" for ::1 at 2017-01-09 15:40:04 -0800
Processing by PagesController#index as HTML
  Rendering pages/index.html.erb within layouts/application
  Rendered pages/index.html.erb within layouts/application (0.9ms)
Completed 200 OK in 294ms (Views: 45.4ms | ActiveRecord: 0.0ms)


Started GET "/" for ::1 at 2017-01-09 15:40:59 -0800
Processing by PagesController#index as HTML
  Rendering pages/index.html.erb within layouts/application
  Rendered pages/index.html.erb within layouts/application (1.0ms)
Completed 200 OK in 120ms (Views: 41.4ms | ActiveRecord: 0.0ms)


Started GET "/" for ::1 at 2017-01-09 15:41:27 -0800
Processing by PagesController#index as HTML
  Rendering pages/index.html.erb within layouts/application
  Rendered pages/index.html.erb within layouts/application (2.1ms)
Completed 200 OK in 123ms (Views: 44.6ms | ActiveRecord: 0.0ms)


Started GET "/" for ::1 at 2017-01-09 15:41:43 -0800
Processing by PagesController#index as HTML
  Rendering pages/index.html.erb within layouts/application
  Rendered pages/index.html.erb within layouts/application (1.8ms)
Completed 200 OK in 84ms (Views: 45.3ms | ActiveRecord: 0.0ms)


Started GET "/" for ::1 at 2017-01-09 15:41:56 -0800
Processing by PagesController#index as HTML
  Rendering pages/index.html.erb within layouts/application
  Rendered pages/index.html.erb within layouts/application (1.4ms)
Completed 200 OK in 143ms (Views: 50.6ms | ActiveRecord: 0.0ms)


Started GET "/" for ::1 at 2017-01-09 15:42:08 -0800
Processing by PagesController#index as HTML
  Rendering pages/index.html.erb within layouts/application
  Rendered pages/index.html.erb within layouts/application (1.0ms)
Completed 200 OK in 82ms (Views: 42.1ms | ActiveRecord: 0.0ms)


Started GET "/" for ::1 at 2017-01-09 15:43:04 -0800
Processing by PagesController#index as HTML
  Rendering pages/index.html.erb within layouts/application
  Rendered pages/index.html.erb within layouts/application (1.4ms)
Completed 200 OK in 129ms (Views: 41.3ms | ActiveRecord: 0.0ms)


Started GET "/" for ::1 at 2017-01-09 15:43:15 -0800
Processing by PagesController#index as HTML
  Rendering pages/index.html.erb within layouts/application
  Rendered pages/index.html.erb within layouts/application (1.0ms)
Completed 200 OK in 79ms (Views: 39.3ms | ActiveRecord: 0.0ms)


Started GET "/" for ::1 at 2017-01-09 15:43:26 -0800
Processing by PagesController#index as HTML
  Rendering pages/index.html.erb within layouts/application
  Rendered pages/index.html.erb within layouts/application (2.0ms)
Completed 200 OK in 109ms (Views: 57.8ms | ActiveRecord: 0.0ms)


Started GET "/" for ::1 at 2017-01-09 15:43:57 -0800
Processing by PagesController#index as HTML
  Rendering pages/index.html.erb within layouts/application
  Rendered pages/index.html.erb within layouts/application (2.8ms)
Completed 200 OK in 90ms (Views: 52.6ms | ActiveRecord: 0.0ms)


Started GET "/" for ::1 at 2017-01-09 15:44:43 -0800
Processing by PagesController#index as HTML
  Rendering pages/index.html.erb within layouts/application
  Rendered pages/index.html.erb within layouts/application (1.5ms)
Completed 200 OK in 130ms (Views: 44.9ms | ActiveRecord: 0.0ms)


Started GET "/" for ::1 at 2017-01-09 15:45:37 -0800
Processing by PagesController#index as HTML
  Rendering pages/index.html.erb within layouts/application
  Rendered pages/index.html.erb within layouts/application (3.3ms)
Completed 200 OK in 293ms (Views: 49.4ms | ActiveRecord: 0.0ms)


Started GET "/" for ::1 at 2017-01-09 15:45:37 -0800
Processing by PagesController#index as HTML
  Rendering pages/index.html.erb within layouts/application
  Rendered pages/index.html.erb within layouts/application (3.4ms)
Completed 200 OK in 378ms (Views: 41.1ms | ActiveRecord: 0.0ms)


Started GET "/" for ::1 at 2017-01-09 15:46:17 -0800
Processing by PagesController#index as HTML
  Rendering pages/index.html.erb within layouts/application
  Rendered pages/index.html.erb within layouts/application (1.0ms)
Completed 200 OK in 123ms (Views: 37.5ms | ActiveRecord: 0.0ms)


Started GET "/funny/hot?page=a2dX1ZY" for ::1 at 2017-01-09 15:46:38 -0800
Processing by PagesController#index as JSON
  Parameters: {"page"=>"a2dX1ZY", "type"=>"hot", "section"=>"funny"}
Completed 200 OK in 89ms (Views: 0.9ms | ActiveRecord: 0.0ms)


Started GET "/" for ::1 at 2017-01-09 15:47:10 -0800
Processing by PagesController#index as HTML
  Rendering pages/index.html.erb within layouts/application
  Rendered pages/index.html.erb within layouts/application (0.9ms)
Completed 200 OK in 129ms (Views: 34.8ms | ActiveRecord: 0.0ms)


Started GET "/funny/hot?page=a2dX1ZY" for ::1 at 2017-01-09 15:47:38 -0800
Processing by PagesController#index as JSON
  Parameters: {"page"=>"a2dX1ZY", "type"=>"hot", "section"=>"funny"}
Completed 200 OK in 165ms (Views: 0.7ms | ActiveRecord: 0.0ms)


Started GET "/" for ::1 at 2017-01-09 15:47:53 -0800
Processing by PagesController#index as HTML
  Rendering pages/index.html.erb within layouts/application
  Rendered pages/index.html.erb within layouts/application (1.0ms)
Completed 200 OK in 582ms (Views: 64.2ms | ActiveRecord: 0.0ms)


Started GET "/" for ::1 at 2017-01-09 15:49:26 -0800
Processing by PagesController#index as HTML
  Rendering pages/index.html.erb within layouts/application
  Rendered pages/index.html.erb within layouts/application (1.2ms)
Completed 200 OK in 161ms (Views: 48.1ms | ActiveRecord: 0.0ms)


Started GET "/" for ::1 at 2017-01-09 15:49:26 -0800
Processing by PagesController#index as HTML
  Rendering pages/index.html.erb within layouts/application
  Rendered pages/index.html.erb within layouts/application (1.0ms)
Completed 200 OK in 94ms (Views: 47.6ms | ActiveRecord: 0.0ms)


Started GET "/" for ::1 at 2017-01-09 15:49:57 -0800
Processing by PagesController#index as HTML
  Rendering pages/index.html.erb within layouts/application
  Rendered pages/index.html.erb within layouts/application (1.4ms)
Completed 200 OK in 95ms (Views: 48.2ms | ActiveRecord: 0.0ms)


Started GET "/" for ::1 at 2017-01-09 15:50:26 -0800
Processing by PagesController#index as HTML
  Rendering pages/index.html.erb within layouts/application
  Rendered pages/index.html.erb within layouts/application (1.1ms)
Completed 200 OK in 142ms (Views: 46.7ms | ActiveRecord: 0.0ms)


Started GET "/" for ::1 at 2017-01-09 15:50:27 -0800
Processing by PagesController#index as HTML
  Rendering pages/index.html.erb within layouts/application
  Rendered pages/index.html.erb within layouts/application (1.7ms)
Completed 200 OK in 126ms (Views: 36.3ms | ActiveRecord: 0.0ms)


Started GET "/" for ::1 at 2017-01-09 15:51:14 -0800
Processing by PagesController#index as HTML
  Rendering pages/index.html.erb within layouts/application
  Rendered pages/index.html.erb within layouts/application (1.1ms)
Completed 200 OK in 121ms (Views: 32.2ms | ActiveRecord: 0.0ms)


Started GET "/" for ::1 at 2017-01-09 15:51:15 -0800
Processing by PagesController#index as HTML
  Rendering pages/index.html.erb within layouts/application
  Rendered pages/index.html.erb within layouts/application (0.9ms)
Completed 200 OK in 142ms (Views: 43.1ms | ActiveRecord: 0.0ms)


Started GET "/" for ::1 at 2017-01-09 15:52:09 -0800
Processing by PagesController#index as HTML
  Rendering pages/index.html.erb within layouts/application
  Rendered pages/index.html.erb within layouts/application (1.0ms)
Completed 200 OK in 148ms (Views: 44.7ms | ActiveRecord: 0.0ms)


Started GET "/" for ::1 at 2017-01-09 15:52:09 -0800
Processing by PagesController#index as HTML
  Rendering pages/index.html.erb within layouts/application
  Rendered pages/index.html.erb within layouts/application (1.2ms)
Completed 200 OK in 122ms (Views: 46.3ms | ActiveRecord: 0.0ms)


Started GET "/funny/hot?page=a37O178" for ::1 at 2017-01-09 15:52:27 -0800
Processing by PagesController#index as JSON
  Parameters: {"page"=>"a37O178", "type"=>"hot", "section"=>"funny"}
Completed 200 OK in 77ms (Views: 2.3ms | ActiveRecord: 0.0ms)


Started GET "/" for ::1 at 2017-01-09 15:52:31 -0800
Processing by PagesController#index as HTML
  Rendering pages/index.html.erb within layouts/application
  Rendered pages/index.html.erb within layouts/application (1.7ms)
Completed 200 OK in 147ms (Views: 57.3ms | ActiveRecord: 0.0ms)


Started GET "/" for ::1 at 2017-01-09 15:52:56 -0800
Processing by PagesController#index as HTML
  Rendering pages/index.html.erb within layouts/application
  Rendered pages/index.html.erb within layouts/application (1.1ms)
Completed 200 OK in 78ms (Views: 38.6ms | ActiveRecord: 0.0ms)


Started GET "/funny/hot?page=a37O178" for ::1 at 2017-01-09 15:53:14 -0800
Processing by PagesController#index as JSON
  Parameters: {"page"=>"a37O178", "type"=>"hot", "section"=>"funny"}
Completed 200 OK in 86ms (Views: 0.8ms | ActiveRecord: 0.0ms)


Started GET "/" for ::1 at 2017-01-09 15:53:16 -0800
Processing by PagesController#index as HTML
  Rendering pages/index.html.erb within layouts/application
  Rendered pages/index.html.erb within layouts/application (1.3ms)
Completed 200 OK in 136ms (Views: 46.8ms | ActiveRecord: 0.0ms)


Started GET "/" for ::1 at 2017-01-09 15:53:17 -0800
Processing by PagesController#index as HTML
  Rendering pages/index.html.erb within layouts/application
  Rendered pages/index.html.erb within layouts/application (1.2ms)
Completed 200 OK in 81ms (Views: 36.3ms | ActiveRecord: 0.0ms)


Started GET "/funny/hot?page=a37O178" for ::1 at 2017-01-09 15:53:35 -0800
Processing by PagesController#index as JSON
  Parameters: {"page"=>"a37O178", "type"=>"hot", "section"=>"funny"}
Completed 200 OK in 68ms (Views: 0.6ms | ActiveRecord: 0.0ms)


Started GET "/funny/hot?page=ajq49Vp" for ::1 at 2017-01-09 15:54:15 -0800
Processing by PagesController#index as JSON
  Parameters: {"page"=>"ajq49Vp", "type"=>"hot", "section"=>"funny"}
Completed 200 OK in 131ms (Views: 1.4ms | ActiveRecord: 0.0ms)


Started GET "/" for ::1 at 2017-01-09 15:55:14 -0800
Processing by PagesController#index as HTML
  Rendering pages/index.html.erb within layouts/application
  Rendered pages/index.html.erb within layouts/application (0.9ms)
Completed 200 OK in 192ms (Views: 39.5ms | ActiveRecord: 0.0ms)


Started GET "/" for ::1 at 2017-01-09 15:55:40 -0800
Processing by PagesController#index as HTML
  Rendering pages/index.html.erb within layouts/application
  Rendered pages/index.html.erb within layouts/application (2.4ms)
Completed 200 OK in 138ms (Views: 48.2ms | ActiveRecord: 0.0ms)


Started GET "/funny/hot?page=a9WGKOK" for ::1 at 2017-01-09 15:55:58 -0800
Processing by PagesController#index as JSON
  Parameters: {"page"=>"a9WGKOK", "type"=>"hot", "section"=>"funny"}
Completed 200 OK in 227ms (Views: 1.0ms | ActiveRecord: 0.0ms)


Started GET "/" for ::1 at 2017-01-09 15:56:24 -0800
Processing by PagesController#index as HTML
  Rendering pages/index.html.erb within layouts/application
  Rendered pages/index.html.erb within layouts/application (1.8ms)
Completed 200 OK in 127ms (Views: 44.0ms | ActiveRecord: 0.0ms)


Started GET "/" for ::1 at 2017-01-09 15:56:25 -0800
Processing by PagesController#index as HTML
  Rendering pages/index.html.erb within layouts/application
  Rendered pages/index.html.erb within layouts/application (1.1ms)
Completed 200 OK in 97ms (Views: 45.3ms | ActiveRecord: 0.0ms)


Started GET "/funny/hot?page=a9WGKOK" for ::1 at 2017-01-09 15:56:45 -0800
Processing by PagesController#index as JSON
  Parameters: {"page"=>"a9WGKOK", "type"=>"hot", "section"=>"funny"}
Completed 200 OK in 217ms (Views: 1.0ms | ActiveRecord: 0.0ms)


Started GET "/" for ::1 at 2017-01-09 15:57:10 -0800
Processing by PagesController#index as HTML
  Rendering pages/index.html.erb within layouts/application
  Rendered pages/index.html.erb within layouts/application (1.5ms)
Completed 200 OK in 171ms (Views: 63.0ms | ActiveRecord: 0.0ms)


Started GET "/" for ::1 at 2017-01-09 15:57:26 -0800
Processing by PagesController#index as HTML
  Rendering pages/index.html.erb within layouts/application
  Rendered pages/index.html.erb within layouts/application (1.2ms)
Completed 200 OK in 160ms (Views: 60.7ms | ActiveRecord: 0.0ms)


Started GET "/" for ::1 at 2017-01-09 15:57:41 -0800
Processing by PagesController#index as HTML
  Rendering pages/index.html.erb within layouts/application
  Rendered pages/index.html.erb within layouts/application (1.4ms)
Completed 200 OK in 164ms (Views: 55.0ms | ActiveRecord: 0.0ms)


Started GET "/funny/hot?page=a9WGKOK" for ::1 at 2017-01-09 15:57:59 -0800
Processing by PagesController#index as JSON
  Parameters: {"page"=>"a9WGKOK", "type"=>"hot", "section"=>"funny"}
Completed 200 OK in 90ms (Views: 0.7ms | ActiveRecord: 0.0ms)


Started GET "/funny/hot?page=axgr9yD" for ::1 at 2017-01-09 15:58:24 -0800
Processing by PagesController#index as JSON
  Parameters: {"page"=>"axgr9yD", "type"=>"hot", "section"=>"funny"}
Completed 200 OK in 89ms (Views: 0.6ms | ActiveRecord: 0.0ms)


Started GET "/" for ::1 at 2017-01-09 15:58:31 -0800
Processing by PagesController#index as HTML
  Rendering pages/index.html.erb within layouts/application
  Rendered pages/index.html.erb within layouts/application (1.3ms)
Completed 200 OK in 266ms (Views: 74.7ms | ActiveRecord: 0.0ms)


Started GET "/" for ::1 at 2017-01-09 15:58:58 -0800
Processing by PagesController#index as HTML
  Rendering pages/index.html.erb within layouts/application
  Rendered pages/index.html.erb within layouts/application (1.0ms)
Completed 200 OK in 145ms (Views: 51.4ms | ActiveRecord: 0.0ms)


Started GET "/" for ::1 at 2017-01-09 15:58:59 -0800
Processing by PagesController#index as HTML
  Rendering pages/index.html.erb within layouts/application
  Rendered pages/index.html.erb within layouts/application (1.1ms)
Completed 200 OK in 163ms (Views: 45.0ms | ActiveRecord: 0.0ms)


Started GET "/funny/hot?page=a9WGKOK" for ::1 at 2017-01-09 15:59:20 -0800
Processing by PagesController#index as JSON
  Parameters: {"page"=>"a9WGKOK", "type"=>"hot", "section"=>"funny"}
Started GET "/" for ::1 at 2017-01-09 15:59:20 -0800
Processing by PagesController#index as HTML
  Rendering pages/index.html.erb within layouts/application
  Rendered pages/index.html.erb within layouts/application (2.2ms)
Completed 200 OK in 146ms (Views: 59.2ms | ActiveRecord: 0.0ms)


Completed 200 OK in 253ms (Views: 0.8ms | ActiveRecord: 0.0ms)


Started GET "/" for ::1 at 2017-01-09 15:59:45 -0800
Processing by PagesController#index as HTML
  Rendering pages/index.html.erb within layouts/application
  Rendered pages/index.html.erb within layouts/application (1.1ms)
Completed 200 OK in 278ms (Views: 40.4ms | ActiveRecord: 0.0ms)


Started GET "/" for ::1 at 2017-01-09 15:59:46 -0800
Processing by PagesController#index as HTML
  Rendering pages/index.html.erb within layouts/application
  Rendered pages/index.html.erb within layouts/application (1.1ms)
Completed 200 OK in 275ms (Views: 45.6ms | ActiveRecord: 0.0ms)


Started GET "/funny/hot?page=a9WGKOK" for ::1 at 2017-01-09 16:00:04 -0800
Processing by PagesController#index as JSON
  Parameters: {"page"=>"a9WGKOK", "type"=>"hot", "section"=>"funny"}
Completed 200 OK in 81ms (Views: 1.4ms | ActiveRecord: 0.0ms)


Started GET "/" for ::1 at 2017-01-09 16:00:17 -0800
Processing by PagesController#index as HTML
  Rendering pages/index.html.erb within layouts/application
  Rendered pages/index.html.erb within layouts/application (2.6ms)
Completed 200 OK in 116ms (Views: 65.8ms | ActiveRecord: 0.0ms)


Started GET "/" for ::1 at 2017-01-09 16:00:42 -0800
Processing by PagesController#index as HTML
  Rendering pages/index.html.erb within layouts/application
  Rendered pages/index.html.erb within layouts/application (0.9ms)
Completed 200 OK in 100ms (Views: 47.8ms | ActiveRecord: 0.0ms)


Started GET "/funny/hot?page=a9WGKOK" for ::1 at 2017-01-09 16:01:07 -0800
Processing by PagesController#index as JSON
  Parameters: {"page"=>"a9WGKOK", "type"=>"hot", "section"=>"funny"}
Completed 200 OK in 74ms (Views: 1.2ms | ActiveRecord: 0.0ms)


Started GET "/" for ::1 at 2017-01-09 16:01:17 -0800
Processing by PagesController#index as HTML
  Rendering pages/index.html.erb within layouts/application
  Rendered pages/index.html.erb within layouts/application (1.4ms)
Completed 200 OK in 153ms (Views: 59.1ms | ActiveRecord: 0.0ms)


Started GET "/" for ::1 at 2017-01-09 16:01:35 -0800
Processing by PagesController#index as HTML
  Rendering pages/index.html.erb within layouts/application
  Rendered pages/index.html.erb within layouts/application (1.2ms)
Completed 200 OK in 164ms (Views: 42.8ms | ActiveRecord: 0.0ms)


Started GET "/" for ::1 at 2017-01-09 16:01:48 -0800
Processing by PagesController#index as HTML
  Rendering pages/index.html.erb within layouts/application
  Rendered pages/index.html.erb within layouts/application (3.7ms)
Completed 200 OK in 109ms (Views: 56.1ms | ActiveRecord: 0.0ms)


Started GET "/" for ::1 at 2017-01-09 16:01:59 -0800
Processing by PagesController#index as HTML
  Rendering pages/index.html.erb within layouts/application
  Rendered pages/index.html.erb within layouts/application (2.1ms)
Completed 200 OK in 123ms (Views: 48.8ms | ActiveRecord: 0.0ms)


Started GET "/" for ::1 at 2017-01-09 16:02:11 -0800
Processing by PagesController#index as HTML
  Rendering pages/index.html.erb within layouts/application
  Rendered pages/index.html.erb within layouts/application (1.2ms)
Completed 200 OK in 104ms (Views: 45.3ms | ActiveRecord: 0.0ms)


Started GET "/" for ::1 at 2017-01-09 16:02:18 -0800
Processing by PagesController#index as HTML
  Rendering pages/index.html.erb within layouts/application
  Rendered pages/index.html.erb within layouts/application (1.1ms)
Completed 200 OK in 105ms (Views: 49.5ms | ActiveRecord: 0.0ms)


Started GET "/funny/hot?page=a8pgEgY" for ::1 at 2017-01-09 16:02:39 -0800
Processing by PagesController#index as JSON
  Parameters: {"page"=>"a8pgEgY", "type"=>"hot", "section"=>"funny"}
Completed 200 OK in 306ms (Views: 0.6ms | ActiveRecord: 0.0ms)


Started GET "/" for ::1 at 2017-01-09 16:02:42 -0800
Processing by PagesController#index as HTML
  Rendering pages/index.html.erb within layouts/application
  Rendered pages/index.html.erb within layouts/application (1.2ms)
Completed 200 OK in 155ms (Views: 61.4ms | ActiveRecord: 0.0ms)


Started GET "/" for ::1 at 2017-01-09 16:02:52 -0800
Processing by PagesController#index as HTML
  Rendering pages/index.html.erb within layouts/application
  Rendered pages/index.html.erb within layouts/application (2.2ms)
Completed 200 OK in 142ms (Views: 49.3ms | ActiveRecord: 0.0ms)


Started GET "/" for ::1 at 2017-01-09 16:03:07 -0800
Processing by PagesController#index as HTML
  Rendering pages/index.html.erb within layouts/application
  Rendered pages/index.html.erb within layouts/application (2.9ms)
Completed 200 OK in 193ms (Views: 59.7ms | ActiveRecord: 0.0ms)


Started GET "/" for ::1 at 2017-01-09 16:03:20 -0800
Processing by PagesController#index as HTML
  Rendering pages/index.html.erb within layouts/application
  Rendered pages/index.html.erb within layouts/application (1.1ms)
Completed 200 OK in 96ms (Views: 51.3ms | ActiveRecord: 0.0ms)


Started GET "/" for ::1 at 2017-01-09 16:03:29 -0800
Processing by PagesController#index as HTML
  Rendering pages/index.html.erb within layouts/application
  Rendered pages/index.html.erb within layouts/application (1.1ms)
Completed 200 OK in 143ms (Views: 45.0ms | ActiveRecord: 0.0ms)


Started GET "/" for ::1 at 2017-01-09 16:04:25 -0800
Processing by PagesController#index as HTML
  Rendering pages/index.html.erb within layouts/application
  Rendered pages/index.html.erb within layouts/application (1.6ms)
Completed 200 OK in 148ms (Views: 44.8ms | ActiveRecord: 0.0ms)


Started GET "/" for ::1 at 2017-01-09 16:05:18 -0800
Processing by PagesController#index as HTML
  Rendering pages/index.html.erb within layouts/application
  Rendered pages/index.html.erb within layouts/application (1.1ms)
Completed 200 OK in 137ms (Views: 43.8ms | ActiveRecord: 0.0ms)


Started GET "/funny/hot?page=aG0QZqX" for ::1 at 2017-01-09 16:05:36 -0800
Processing by PagesController#index as JSON
  Parameters: {"page"=>"aG0QZqX", "type"=>"hot", "section"=>"funny"}
Completed 200 OK in 84ms (Views: 0.9ms | ActiveRecord: 0.0ms)


Started GET "/" for ::1 at 2017-01-09 16:05:49 -0800
Processing by PagesController#index as HTML
  Rendering pages/index.html.erb within layouts/application
  Rendered pages/index.html.erb within layouts/application (1.2ms)
Completed 200 OK in 194ms (Views: 67.6ms | ActiveRecord: 0.0ms)


Started GET "/" for ::1 at 2017-01-10 19:01:40 -0800
Processing by PagesController#index as HTML
  Rendering pages/index.html.erb within layouts/application
  Rendered pages/index.html.erb within layouts/application (8.5ms)
Completed 200 OK in 523ms (Views: 412.8ms | ActiveRecord: 0.0ms)


Started GET "/funny/hot?page=aG0Qvo6" for ::1 at 2017-01-10 19:02:07 -0800
Processing by PagesController#index as JSON
  Parameters: {"page"=>"aG0Qvo6", "type"=>"hot", "section"=>"funny"}
Completed 200 OK in 146ms (Views: 0.8ms | ActiveRecord: 0.0ms)


Started GET "/funny/hot?page=aAw95pR" for ::1 at 2017-01-10 19:02:51 -0800
Processing by PagesController#index as JSON
  Parameters: {"page"=>"aAw95pR", "type"=>"hot", "section"=>"funny"}
Completed 200 OK in 129ms (Views: 0.9ms | ActiveRecord: 0.0ms)


Started GET "/funny/hot?page=anyo0gn" for ::1 at 2017-01-10 19:03:31 -0800
Processing by PagesController#index as JSON
  Parameters: {"page"=>"anyo0gn", "type"=>"hot", "section"=>"funny"}
Completed 200 OK in 84ms (Views: 1.1ms | ActiveRecord: 0.0ms)


Started GET "/funny/hot?page=aprM7rM" for ::1 at 2017-01-10 19:03:59 -0800
Processing by PagesController#index as JSON
  Parameters: {"page"=>"aprM7rM", "type"=>"hot", "section"=>"funny"}
Completed 200 OK in 84ms (Views: 0.9ms | ActiveRecord: 0.0ms)


Started GET "/funny/hot?page=aYK0Bn7" for ::1 at 2017-01-10 19:04:30 -0800
Processing by PagesController#index as JSON
  Parameters: {"page"=>"aYK0Bn7", "type"=>"hot", "section"=>"funny"}
Completed 200 OK in 102ms (Views: 1.2ms | ActiveRecord: 0.0ms)


Started GET "/funny/hot?page=aeYBqEB" for ::1 at 2017-01-10 19:05:09 -0800
Processing by PagesController#index as JSON
  Parameters: {"page"=>"aeYBqEB", "type"=>"hot", "section"=>"funny"}
Completed 200 OK in 91ms (Views: 2.9ms | ActiveRecord: 0.0ms)


Started GET "/funny/hot?page=a37Oz13" for ::1 at 2017-01-10 19:05:47 -0800
Processing by PagesController#index as JSON
  Parameters: {"page"=>"a37Oz13", "type"=>"hot", "section"=>"funny"}
Completed 200 OK in 83ms (Views: 1.5ms | ActiveRecord: 0.0ms)


Started GET "/funny/hot?page=aVD64Bn" for ::1 at 2017-01-10 19:06:32 -0800
Processing by PagesController#index as JSON
  Parameters: {"page"=>"aVD64Bn", "type"=>"hot", "section"=>"funny"}
Completed 200 OK in 88ms (Views: 1.2ms | ActiveRecord: 0.0ms)


Started GET "/funny/hot?page=azr3Dbm" for ::1 at 2017-01-10 19:07:06 -0800
Processing by PagesController#index as JSON
  Parameters: {"page"=>"azr3Dbm", "type"=>"hot", "section"=>"funny"}
Completed 200 OK in 111ms (Views: 2.0ms | ActiveRecord: 0.0ms)


Started GET "/funny/hot?page=aLMENpg" for ::1 at 2017-01-10 19:07:41 -0800
Processing by PagesController#index as JSON
  Parameters: {"page"=>"aLMENpg", "type"=>"hot", "section"=>"funny"}
Completed 200 OK in 116ms (Views: 1.5ms | ActiveRecord: 0.0ms)


Started GET "/funny/hot?page=aZBYd1Q" for ::1 at 2017-01-10 19:08:14 -0800
Processing by PagesController#index as JSON
  Parameters: {"page"=>"aZBYd1Q", "type"=>"hot", "section"=>"funny"}
Completed 200 OK in 122ms (Views: 2.4ms | ActiveRecord: 0.0ms)


Started GET "/funny/hot?page=aRKpDq5" for ::1 at 2017-01-10 19:08:47 -0800
Processing by PagesController#index as JSON
  Parameters: {"page"=>"aRKpDq5", "type"=>"hot", "section"=>"funny"}
Completed 200 OK in 123ms (Views: 0.9ms | ActiveRecord: 0.0ms)


Started GET "/funny/hot?page=a1d6wA8" for ::1 at 2017-01-10 19:09:28 -0800
Processing by PagesController#index as JSON
  Parameters: {"page"=>"a1d6wA8", "type"=>"hot", "section"=>"funny"}
Completed 200 OK in 99ms (Views: 2.1ms | ActiveRecord: 0.0ms)


Started GET "/funny/hot?page=avrj9yq" for ::1 at 2017-01-10 19:10:08 -0800
Processing by PagesController#index as JSON
  Parameters: {"page"=>"avrj9yq", "type"=>"hot", "section"=>"funny"}
Completed 200 OK in 95ms (Views: 1.7ms | ActiveRecord: 0.0ms)


Started GET "/" for ::1 at 2017-01-14 11:16:45 -0800
Processing by PagesController#index as HTML
  Rendering pages/index.html.erb within layouts/application
  Rendered pages/index.html.erb within layouts/application (9.5ms)
Started GET "/" for ::1 at 2017-01-14 11:16:46 -0800
Processing by PagesController#index as HTML
  Rendering pages/index.html.erb within layouts/application
  Rendered pages/index.html.erb within layouts/application (2.9ms)
Completed 200 OK in 246ms (Views: 129.4ms | ActiveRecord: 0.0ms)


Completed 200 OK in 606ms (Views: 472.9ms | ActiveRecord: 0.0ms)


